Arguments: 
  /home/gabriel/.nvm/versions/node/v17.8.0/bin/node /home/gabriel/.nvm/versions/node/v17.8.0/bin/yarn

PATH: 
  /home/gabriel/go/bin:/home/gabriel/.nvm/versions/node/v17.8.0/bin:/usr/local/sbin:/usr/local/bin:/usr/sbin:/usr/bin:/sbin:/bin:/usr/games:/usr/local/games:/usr/lib/wsl/lib:/mnt/c/Windows/system32:/mnt/c/Windows:/mnt/c/Windows/System32/Wbem:/mnt/c/Windows/System32/WindowsPowerShell/v1.0/:/mnt/c/Windows/System32/OpenSSH/:/mnt/c/Program Files (x86)/NVIDIA Corporation/PhysX/Common:/mnt/c/Program Files/NVIDIA Corporation/NVIDIA NvDLISR:/mnt/c/Users/gabri/AppData/Roaming/nvm:/mnt/c/Program Files/nodejs:/mnt/c/Program Files/Git/cmd:/mnt/c/Program Files/Docker/Docker/resources/bin:/mnt/c/ProgramData/DockerDesktop/version-bin:/mnt/c/WINDOWS/system32:/mnt/c/WINDOWS:/mnt/c/WINDOWS/System32/Wbem:/mnt/c/WINDOWS/System32/WindowsPowerShell/v1.0/:/mnt/c/WINDOWS/System32/OpenSSH/:/mnt/c/Users/gabri/AppData/Local/Microsoft/WindowsApps:/mnt/c/Users/gabri/AppData/Local/Programs/Microsoft VS Code/bin:/mnt/c/Users/gabri/AppData/Roaming/nvm:/mnt/c/Program Files/nodejs:/mnt/c/Users/gabri/AppData/Local/gitkraken/bin:/mnt/c/Users/gabri/AppData/Local/Microsoft/WindowsApps:/usr/local/go/bin:/usr/local/helm

Yarn version: 
  1.22.18

Node version: 
  17.8.0

Platform: 
  linux x64

Trace: 
  Error: https://registry.yarnpkg.com/uuid: ETIMEDOUT
      at Timeout._onTimeout (/home/gabriel/.nvm/versions/node/v17.8.0/lib/node_modules/yarn/lib/cli.js:141543:19)
      at listOnTimeout (node:internal/timers:559:17)
      at processTimers (node:internal/timers:502:7)

npm manifest: 
  {
    "name": "categories",
    "version": "1.0.0",
    "description": "",
    "main": "index.js",
    "scripts": {
      "test": "jest"
    },
    "keywords": [],
    "author": "",
    "license": "ISC",
    "dependencies": {
      "uuid": "^8.3.2"
    },
    "devDependencies": {
      "@swc/cli": "^0.1.57",
      "@swc/core": "^1.2.226",
      "@swc/jest": "^0.2.22",
      "@types/uuid": "^8.3.4"
    }
  }

yarn manifest: 
  No manifest

Lockfile: 
  No lockfile
